Sender: LSF System <lsfadmin@a6102>
Subject: Job 44541279: <matlab -nodisplay -singleCompThread -r TrailNoTrail_N_par> Done

Job <matlab -nodisplay -singleCompThread -r TrailNoTrail_N_par> was submitted from host <brutus3> by user <spark> in cluster <brutus>.
Job was executed on host(s) <12*a6102>, in queue <pub.8h>, as user <spark> in cluster <brutus>.
</cluster/home04/stud/spark> was used as the home directory.
</cluster/home04/stud/spark/bambi/code/analysis> was used as the working directory.
Started at Tue Dec 10 17:12:08 2013
Results reported at Wed Dec 11 00:33:39 2013

Your job looked like:

------------------------------------------------------------
# LSBATCH: User input
matlab -nodisplay -singleCompThread -r TrailNoTrail_N_par
------------------------------------------------------------

Successfully completed.

Resource usage summary:

    CPU time   : 279080.00 sec.
    Max Memory :      2375 MB
    Max Swap   :     37202 MB

    Max Processes  :        31
    Max Threads    :       318
