Sender: LSF System <lsfadmin@a9108>
Subject: Job 44640972: <matlab -nodisplay -r TrailNoTrail_sigma_par2> Done

Job <matlab -nodisplay -r TrailNoTrail_sigma_par2> was submitted from host <brutus4> by user <spark> in cluster <brutus>.
Job was executed on host(s) <24*a9108>, in queue <pub.8h>, as user <spark> in cluster <brutus>.
</cluster/home04/stud/spark> was used as the home directory.
</cluster/home04/stud/spark/bambi/code/analysis> was used as the working directory.
Started at Thu Dec 12 09:06:18 2013
Results reported at Thu Dec 12 13:52:44 2013

Your job looked like:

------------------------------------------------------------
# LSBATCH: User input
matlab -nodisplay -r TrailNoTrail_sigma_par2
------------------------------------------------------------

Successfully completed.

Resource usage summary:

    CPU time   : 180650.00 sec.
    Max Memory :      2432 MB
    Max Swap   :     37203 MB

    Max Processes  :        31
    Max Threads    :       318
